2026-07-08 12:41:08 [/home/computergeek/TinyU-Net/libs/trainer_unet_tse_steplr_clip.py:227 - INFO ] Create optimizer adamw: {'lr': 0.0005, 'weight_decay': 1e-05}
2026-07-08 12:41:19 [/home/computergeek/TinyU-Net/libs/trainer_unet_tse_steplr_clip.py:180 - INFO ] Model summary:
TinyPSE(
  (stft): ConvSTFT()
  (softmax): Softmax(dim=-2)
  (ifi): IFI(
    (constructive_lens): Sequential(
      (0): Conv2d(2, 64, kernel_size=(1, 1), stride=(1, 1), bias=False)
      (1): BatchNorm2d(64, eps=1e-05, momentum=0.1, affine=True, bias=True, track_running_stats=True)
      (2): ReLU(inplace=True)
      (3): Conv2d(64, 2, kernel_size=(1, 1), stride=(1, 1), bias=False)
      (4): BatchNorm2d(2, eps=1e-05, momentum=0.1, affine=True, bias=True, track_running_stats=True)
    )
    (destructive_lens): Sequential(
      (0): SelfAttentivePooling2d(
        (attn_conv): Conv2d(2, 1, kernel_size=(1, 1), stride=(1, 1))
        (softmax): Softmax(dim=-1)
      )
      (1): Conv2d(2, 64, kernel_size=(1, 1), stride=(1, 1), bias=False)
      (2): BatchNorm2d(64, eps=1e-05, momentum=0.1, affine=True, bias=True, track_running_stats=True)
      (3): ReLU(inplace=True)
      (4): Conv2d(64, 2, kernel_size=(1, 1), stride=(1, 1), bias=False)
      (5): BatchNorm2d(2, eps=1e-05, momentum=0.1, affine=True, bias=True, track_running_stats=True)
    )
    (phase_gate): Sigmoid()
  )
  (upconv1): Conv2d(4, 64, kernel_size=(1, 1), stride=(1, 1))
  (lca): LCA(
    (local_att): Sequential(
      (0): Conv2d(64, 16, kernel_size=(1, 1), stride=(1, 1), bias=False)
      (1): BatchNorm2d(16, eps=1e-05, momentum=0.1, affine=True, bias=True, track_running_stats=True)
      (2): ReLU(inplace=True)
      (3): Conv2d(16, 64, kernel_size=(1, 1), stride=(1, 1), bias=False)
      (4): BatchNorm2d(64, eps=1e-05, momentum=0.1, affine=True, bias=True, track_running_stats=True)
    )
    (global_att): Sequential(
      (0): SelfAttentivePooling2d(
        (attn_conv): Conv2d(64, 1, kernel_size=(1, 1), stride=(1, 1))
        (softmax): Softmax(dim=-1)
      )
      (1): Conv2d(64, 16, kernel_size=(1, 1), stride=(1, 1), bias=False)
      (2): BatchNorm2d(16, eps=1e-05, momentum=0.1, affine=True, bias=True, track_running_stats=True)
      (3): ReLU(inplace=True)
      (4): Conv2d(16, 64, kernel_size=(1, 1), stride=(1, 1), bias=False)
      (5): BatchNorm2d(64, eps=1e-05, momentum=0.1, affine=True, bias=True, track_running_stats=True)
    )
    (sigmoid): Sigmoid()
  )
  (conv2d): Conv2d(64, 16, kernel_size=(3, 1), stride=(1, 1), padding=(1, 0))
  (relu): ReLU()
  (encoder1): UNetEncoder(
    (cmrf): CMRF(
      (pwconv1): Conv(
        (conv): Conv2d(16, 8, kernel_size=(1, 1), stride=(1, 1), bias=False)
        (bn): BatchNorm2d(8, eps=1e-05, momentum=0.1, affine=True, bias=True, track_running_stats=True)
        (act): GELU(approximate='none')
      )
      (pwconv2): Conv(
        (conv): Conv2d(32, 64, kernel_size=(1, 1), stride=(1, 1), bias=False)
        (bn): BatchNorm2d(64, eps=1e-05, momentum=0.1, affine=True, bias=True, track_running_stats=True)
        (act): GELU(approximate='none')
      )
      (m): ModuleList(
        (0): SpeechDWConv(
          (conv_f): Conv2d(4, 4, kernel_size=(3, 1), stride=(1, 1), padding=(1, 0), groups=4, bias=False)
          (conv_t): Conv2d(4, 4, kernel_size=(1, 3), stride=(1, 1), padding=(0, 1), groups=4, bias=False)
          (bn): BatchNorm2d(4, eps=1e-05, momentum=0.1, affine=True, bias=True, track_running_stats=True)
          (act): Identity()
        )
        (1): SpeechDWConv(
          (conv_f): Conv2d(4, 4, kernel_size=(3, 1), stride=(1, 1), padding=(1, 0), groups=4, bias=False)
          (conv_t): Conv2d(4, 4, kernel_size=(1, 3), stride=(1, 1), padding=(0, 2), dilation=(1, 2), groups=4, bias=False)
          (bn): BatchNorm2d(4, eps=1e-05, momentum=0.1, affine=True, bias=True, track_running_stats=True)
          (act): Identity()
        )
        (2): SpeechDWConv(
          (conv_f): Conv2d(4, 4, kernel_size=(3, 1), stride=(1, 1), padding=(1, 0), groups=4, bias=False)
          (conv_t): Conv2d(4, 4, kernel_size=(1, 3), stride=(1, 1), padding=(0, 4), dilation=(1, 4), groups=4, bias=False)
          (bn): BatchNorm2d(4, eps=1e-05, momentum=0.1, affine=True, bias=True, track_running_stats=True)
          (act): Identity()
        )
        (3): SpeechDWConv(
          (conv_f): Conv2d(4, 4, kernel_size=(3, 1), stride=(1, 1), padding=(1, 0), groups=4, bias=False)
          (conv_t): Conv2d(4, 4, kernel_size=(1, 3), stride=(1, 1), padding=(0, 8), dilation=(1, 8), groups=4, bias=False)
          (bn): BatchNorm2d(4, eps=1e-05, momentum=0.1, affine=True, bias=True, track_running_stats=True)
          (act): Identity()
        )
        (4): SpeechDWConv(
          (conv_f): Conv2d(4, 4, kernel_size=(3, 1), stride=(1, 1), padding=(1, 0), groups=4, bias=False)
          (conv_t): Conv2d(4, 4, kernel_size=(1, 3), stride=(1, 1), padding=(0, 16), dilation=(1, 16), groups=4, bias=False)
          (bn): BatchNorm2d(4, eps=1e-05, momentum=0.1, affine=True, bias=True, track_running_stats=True)
          (act): Identity()
        )
        (5): SpeechDWConv(
          (conv_f): Conv2d(4, 4, kernel_size=(3, 1), stride=(1, 1), padding=(1, 0), groups=4, bias=False)
          (conv_t): Conv2d(4, 4, kernel_size=(1, 3), stride=(1, 1), padding=(0, 32), dilation=(1, 32), groups=4, bias=False)
          (bn): BatchNorm2d(4, eps=1e-05, momentum=0.1, affine=True, bias=True, track_running_stats=True)
          (act): Identity()
        )
        (6): SpeechDWConv(
          (conv_f): Conv2d(4, 4, kernel_size=(3, 1), stride=(1, 1), padding=(1, 0), groups=4, bias=False)
          (conv_t): Conv2d(4, 4, kernel_size=(1, 3), stride=(1, 1), padding=(0, 64), dilation=(1, 64), groups=4, bias=False)
          (bn): BatchNorm2d(4, eps=1e-05, momentum=0.1, affine=True, bias=True, track_running_stats=True)
          (act): Identity()
        )
      )
    )
    (downsample): MaxPool2d(kernel_size=2, stride=2, padding=0, dilation=1, ceil_mode=False)
  )
  (encoder2): UNetEncoder(
    (cmrf): CMRF(
      (pwconv1): Conv(
        (conv): Conv2d(64, 16, kernel_size=(1, 1), stride=(1, 1), bias=False)
        (bn): BatchNorm2d(16, eps=1e-05, momentum=0.1, affine=True, bias=True, track_running_stats=True)
        (act): GELU(approximate='none')
      )
      (pwconv2): Conv(
        (conv): Conv2d(64, 128, kernel_size=(1, 1), stride=(1, 1), bias=False)
        (bn): BatchNorm2d(128, eps=1e-05, momentum=0.1, affine=True, bias=True, track_running_stats=True)
        (act): GELU(approximate='none')
      )
      (m): ModuleList(
        (0): SpeechDWConv(
          (conv_f): Conv2d(8, 8, kernel_size=(3, 1), stride=(1, 1), padding=(1, 0), groups=8, bias=False)
          (conv_t): Conv2d(8, 8, kernel_size=(1, 3), stride=(1, 1), padding=(0, 1), groups=8, bias=False)
          (bn): BatchNorm2d(8, eps=1e-05, momentum=0.1, affine=True, bias=True, track_running_stats=True)
          (act): Identity()
        )
        (1): SpeechDWConv(
          (conv_f): Conv2d(8, 8, kernel_size=(3, 1), stride=(1, 1), padding=(1, 0), groups=8, bias=False)
          (conv_t): Conv2d(8, 8, kernel_size=(1, 3), stride=(1, 1), padding=(0, 2), dilation=(1, 2), groups=8, bias=False)
          (bn): BatchNorm2d(8, eps=1e-05, momentum=0.1, affine=True, bias=True, track_running_stats=True)
          (act): Identity()
        )
        (2): SpeechDWConv(
          (conv_f): Conv2d(8, 8, kernel_size=(3, 1), stride=(1, 1), padding=(1, 0), groups=8, bias=False)
          (conv_t): Conv2d(8, 8, kernel_size=(1, 3), stride=(1, 1), padding=(0, 4), dilation=(1, 4), groups=8, bias=False)
          (bn): BatchNorm2d(8, eps=1e-05, momentum=0.1, affine=True, bias=True, track_running_stats=True)
          (act): Identity()
        )
        (3): SpeechDWConv(
          (conv_f): Conv2d(8, 8, kernel_size=(3, 1), stride=(1, 1), padding=(1, 0), groups=8, bias=False)
          (conv_t): Conv2d(8, 8, kernel_size=(1, 3), stride=(1, 1), padding=(0, 8), dilation=(1, 8), groups=8, bias=False)
          (bn): BatchNorm2d(8, eps=1e-05, momentum=0.1, affine=True, bias=True, track_running_stats=True)
          (act): Identity()
        )
        (4): SpeechDWConv(
          (conv_f): Conv2d(8, 8, kernel_size=(3, 1), stride=(1, 1), padding=(1, 0), groups=8, bias=False)
          (conv_t): Conv2d(8, 8, kernel_size=(1, 3), stride=(1, 1), padding=(0, 16), dilation=(1, 16), groups=8, bias=False)
          (bn): BatchNorm2d(8, eps=1e-05, momentum=0.1, affine=True, bias=True, track_running_stats=True)
          (act): Identity()
        )
        (5): SpeechDWConv(
          (conv_f): Conv2d(8, 8, kernel_size=(3, 1), stride=(1, 1), padding=(1, 0), groups=8, bias=False)
          (conv_t): Conv2d(8, 8, kernel_size=(1, 3), stride=(1, 1), padding=(0, 32), dilation=(1, 32), groups=8, bias=False)
          (bn): BatchNorm2d(8, eps=1e-05, momentum=0.1, affine=True, bias=True, track_running_stats=True)
          (act): Identity()
        )
        (6): SpeechDWConv(
          (conv_f): Conv2d(8, 8, kernel_size=(3, 1), stride=(1, 1), padding=(1, 0), groups=8, bias=False)
          (conv_t): Conv2d(8, 8, kernel_size=(1, 3), stride=(1, 1), padding=(0, 64), dilation=(1, 64), groups=8, bias=False)
          (bn): BatchNorm2d(8, eps=1e-05, momentum=0.1, affine=True, bias=True, track_running_stats=True)
          (act): Identity()
        )
      )
    )
    (downsample): MaxPool2d(kernel_size=2, stride=2, padding=0, dilation=1, ceil_mode=False)
  )
  (encoder3): UNetEncoder(
    (cmrf): CMRF(
      (pwconv1): Conv(
        (conv): Conv2d(128, 32, kernel_size=(1, 1), stride=(1, 1), bias=False)
        (bn): BatchNorm2d(32, eps=1e-05, momentum=0.1, affine=True, bias=True, track_running_stats=True)
        (act): GELU(approximate='none')
      )
      (pwconv2): Conv(
        (conv): Conv2d(128, 256, kernel_size=(1, 1), stride=(1, 1), bias=False)
        (bn): BatchNorm2d(256, eps=1e-05, momentum=0.1, affine=True, bias=True, track_running_stats=True)
        (act): GELU(approximate='none')
      )
      (m): ModuleList(
        (0): SpeechDWConv(
          (conv_f): Conv2d(16, 16, kernel_size=(3, 1), stride=(1, 1), padding=(1, 0), groups=16, bias=False)
          (conv_t): Conv2d(16, 16, kernel_size=(1, 3), stride=(1, 1), padding=(0, 1), groups=16, bias=False)
          (bn): BatchNorm2d(16, eps=1e-05, momentum=0.1, affine=True, bias=True, track_running_stats=True)
          (act): Identity()
        )
        (1): SpeechDWConv(
          (conv_f): Conv2d(16, 16, kernel_size=(3, 1), stride=(1, 1), padding=(1, 0), groups=16, bias=False)
          (conv_t): Conv2d(16, 16, kernel_size=(1, 3), stride=(1, 1), padding=(0, 2), dilation=(1, 2), groups=16, bias=False)
          (bn): BatchNorm2d(16, eps=1e-05, momentum=0.1, affine=True, bias=True, track_running_stats=True)
          (act): Identity()
        )
        (2): SpeechDWConv(
          (conv_f): Conv2d(16, 16, kernel_size=(3, 1), stride=(1, 1), padding=(1, 0), groups=16, bias=False)
          (conv_t): Conv2d(16, 16, kernel_size=(1, 3), stride=(1, 1), padding=(0, 4), dilation=(1, 4), groups=16, bias=False)
          (bn): BatchNorm2d(16, eps=1e-05, momentum=0.1, affine=True, bias=True, track_running_stats=True)
          (act): Identity()
        )
        (3): SpeechDWConv(
          (conv_f): Conv2d(16, 16, kernel_size=(3, 1), stride=(1, 1), padding=(1, 0), groups=16, bias=False)
          (conv_t): Conv2d(16, 16, kernel_size=(1, 3), stride=(1, 1), padding=(0, 8), dilation=(1, 8), groups=16, bias=False)
          (bn): BatchNorm2d(16, eps=1e-05, momentum=0.1, affine=True, bias=True, track_running_stats=True)
          (act): Identity()
        )
        (4): SpeechDWConv(
          (conv_f): Conv2d(16, 16, kernel_size=(3, 1), stride=(1, 1), padding=(1, 0), groups=16, bias=False)
          (conv_t): Conv2d(16, 16, kernel_size=(1, 3), stride=(1, 1), padding=(0, 16), dilation=(1, 16), groups=16, bias=False)
          (bn): BatchNorm2d(16, eps=1e-05, momentum=0.1, affine=True, bias=True, track_running_stats=True)
          (act): Identity()
        )
        (5): SpeechDWConv(
          (conv_f): Conv2d(16, 16, kernel_size=(3, 1), stride=(1, 1), padding=(1, 0), groups=16, bias=False)
          (conv_t): Conv2d(16, 16, kernel_size=(1, 3), stride=(1, 1), padding=(0, 32), dilation=(1, 32), groups=16, bias=False)
          (bn): BatchNorm2d(16, eps=1e-05, momentum=0.1, affine=True, bias=True, track_running_stats=True)
          (act): Identity()
        )
        (6): SpeechDWConv(
          (conv_f): Conv2d(16, 16, kernel_size=(3, 1), stride=(1, 1), padding=(1, 0), groups=16, bias=False)
          (conv_t): Conv2d(16, 16, kernel_size=(1, 3), stride=(1, 1), padding=(0, 64), dilation=(1, 64), groups=16, bias=False)
          (bn): BatchNorm2d(16, eps=1e-05, momentum=0.1, affine=True, bias=True, track_running_stats=True)
          (act): Identity()
        )
      )
    )
    (downsample): MaxPool2d(kernel_size=2, stride=2, padding=0, dilation=1, ceil_mode=False)
  )
  (encoder4): UNetEncoder(
    (cmrf): CMRF(
      (pwconv1): Conv(
        (conv): Conv2d(256, 64, kernel_size=(1, 1), stride=(1, 1), bias=False)
        (bn): BatchNorm2d(64, eps=1e-05, momentum=0.1, affine=True, bias=True, track_running_stats=True)
        (act): GELU(approximate='none')
      )
      (pwconv2): Conv(
        (conv): Conv2d(256, 512, kernel_size=(1, 1), stride=(1, 1), bias=False)
        (bn): BatchNorm2d(512, eps=1e-05, momentum=0.1, affine=True, bias=True, track_running_stats=True)
        (act): GELU(approximate='none')
      )
      (m): ModuleList(
        (0): SpeechDWConv(
          (conv_f): Conv2d(32, 32, kernel_size=(3, 1), stride=(1, 1), padding=(1, 0), groups=32, bias=False)
          (conv_t): Conv2d(32, 32, kernel_size=(1, 3), stride=(1, 1), padding=(0, 1), groups=32, bias=False)
          (bn): BatchNorm2d(32, eps=1e-05, momentum=0.1, affine=True, bias=True, track_running_stats=True)
          (act): Identity()
        )
        (1): SpeechDWConv(
          (conv_f): Conv2d(32, 32, kernel_size=(3, 1), stride=(1, 1), padding=(1, 0), groups=32, bias=False)
          (conv_t): Conv2d(32, 32, kernel_size=(1, 3), stride=(1, 1), padding=(0, 2), dilation=(1, 2), groups=32, bias=False)
          (bn): BatchNorm2d(32, eps=1e-05, momentum=0.1, affine=True, bias=True, track_running_stats=True)
          (act): Identity()
        )
        (2): SpeechDWConv(
          (conv_f): Conv2d(32, 32, kernel_size=(3, 1), stride=(1, 1), padding=(1, 0), groups=32, bias=False)
          (conv_t): Conv2d(32, 32, kernel_size=(1, 3), stride=(1, 1), padding=(0, 4), dilation=(1, 4), groups=32, bias=False)
          (bn): BatchNorm2d(32, eps=1e-05, momentum=0.1, affine=True, bias=True, track_running_stats=True)
          (act): Identity()
        )
        (3): SpeechDWConv(
          (conv_f): Conv2d(32, 32, kernel_size=(3, 1), stride=(1, 1), padding=(1, 0), groups=32, bias=False)
          (conv_t): Conv2d(32, 32, kernel_size=(1, 3), stride=(1, 1), padding=(0, 8), dilation=(1, 8), groups=32, bias=False)
          (bn): BatchNorm2d(32, eps=1e-05, momentum=0.1, affine=True, bias=True, track_running_stats=True)
          (act): Identity()
        )
        (4): SpeechDWConv(
          (conv_f): Conv2d(32, 32, kernel_size=(3, 1), stride=(1, 1), padding=(1, 0), groups=32, bias=False)
          (conv_t): Conv2d(32, 32, kernel_size=(1, 3), stride=(1, 1), padding=(0, 16), dilation=(1, 16), groups=32, bias=False)
          (bn): BatchNorm2d(32, eps=1e-05, momentum=0.1, affine=True, bias=True, track_running_stats=True)
          (act): Identity()
        )
        (5): SpeechDWConv(
          (conv_f): Conv2d(32, 32, kernel_size=(3, 1), stride=(1, 1), padding=(1, 0), groups=32, bias=False)
          (conv_t): Conv2d(32, 32, kernel_size=(1, 3), stride=(1, 1), padding=(0, 32), dilation=(1, 32), groups=32, bias=False)
          (bn): BatchNorm2d(32, eps=1e-05, momentum=0.1, affine=True, bias=True, track_running_stats=True)
          (act): Identity()
        )
        (6): SpeechDWConv(
          (conv_f): Conv2d(32, 32, kernel_size=(3, 1), stride=(1, 1), padding=(1, 0), groups=32, bias=False)
          (conv_t): Conv2d(32, 32, kernel_size=(1, 3), stride=(1, 1), padding=(0, 64), dilation=(1, 64), groups=32, bias=False)
          (bn): BatchNorm2d(32, eps=1e-05, momentum=0.1, affine=True, bias=True, track_running_stats=True)
          (act): Identity()
        )
      )
    )
    (downsample): MaxPool2d(kernel_size=2, stride=2, padding=0, dilation=1, ceil_mode=False)
  )
  (proj): Conv2d(512, 64, kernel_size=(1, 1), stride=(1, 1))
  (tcn_layers): Sequential(
    (0): Sequential(
      (0): TCNBlock(
        (norm1): InstanceNorm2d(64, eps=1e-05, momentum=0.1, affine=False, bias=False, track_running_stats=False)
        (elu1): ELU(alpha=1.0)
        (dconv1): Conv2d(64, 64, kernel_size=(1, 3), stride=(1, 1), padding=(0, 1), groups=64)
        (norm2): InstanceNorm2d(64, eps=1e-05, momentum=0.1, affine=False, bias=False, track_running_stats=False)
        (elu2): ELU(alpha=1.0)
        (dconv2): Conv2d(64, 64, kernel_size=(1, 1), stride=(1, 1))
      )
      (1): TCNBlock(
        (norm1): InstanceNorm2d(64, eps=1e-05, momentum=0.1, affine=False, bias=False, track_running_stats=False)
        (elu1): ELU(alpha=1.0)
        (dconv1): Conv2d(64, 64, kernel_size=(1, 3), stride=(1, 1), padding=(0, 2), dilation=(1, 2), groups=64)
        (norm2): InstanceNorm2d(64, eps=1e-05, momentum=0.1, affine=False, bias=False, track_running_stats=False)
        (elu2): ELU(alpha=1.0)
        (dconv2): Conv2d(64, 64, kernel_size=(1, 1), stride=(1, 1))
      )
      (2): TCNBlock(
        (norm1): InstanceNorm2d(64, eps=1e-05, momentum=0.1, affine=False, bias=False, track_running_stats=False)
        (elu1): ELU(alpha=1.0)
        (dconv1): Conv2d(64, 64, kernel_size=(1, 3), stride=(1, 1), padding=(0, 4), dilation=(1, 4), groups=64)
        (norm2): InstanceNorm2d(64, eps=1e-05, momentum=0.1, affine=False, bias=False, track_running_stats=False)
        (elu2): ELU(alpha=1.0)
        (dconv2): Conv2d(64, 64, kernel_size=(1, 1), stride=(1, 1))
      )
      (3): TCNBlock(
        (norm1): InstanceNorm2d(64, eps=1e-05, momentum=0.1, affine=False, bias=False, track_running_stats=False)
        (elu1): ELU(alpha=1.0)
        (dconv1): Conv2d(64, 64, kernel_size=(1, 3), stride=(1, 1), padding=(0, 8), dilation=(1, 8), groups=64)
        (norm2): InstanceNorm2d(64, eps=1e-05, momentum=0.1, affine=False, bias=False, track_running_stats=False)
        (elu2): ELU(alpha=1.0)
        (dconv2): Conv2d(64, 64, kernel_size=(1, 1), stride=(1, 1))
      )
      (4): TCNBlock(
        (norm1): InstanceNorm2d(64, eps=1e-05, momentum=0.1, affine=False, bias=False, track_running_stats=False)
        (elu1): ELU(alpha=1.0)
        (dconv1): Conv2d(64, 64, kernel_size=(1, 3), stride=(1, 1), padding=(0, 16), dilation=(1, 16), groups=64)
        (norm2): InstanceNorm2d(64, eps=1e-05, momentum=0.1, affine=False, bias=False, track_running_stats=False)
        (elu2): ELU(alpha=1.0)
        (dconv2): Conv2d(64, 64, kernel_size=(1, 1), stride=(1, 1))
      )
    )
  )
  (proj_back): Conv2d(64, 512, kernel_size=(1, 1), stride=(1, 1))
  (decoder4): UNetDecoder(
    (cmrf): CMRF(
      (pwconv1): Conv(
        (conv): Conv2d(1024, 64, kernel_size=(1, 1), stride=(1, 1), bias=False)
        (bn): BatchNorm2d(64, eps=1e-05, momentum=0.1, affine=True, bias=True, track_running_stats=True)
        (act): GELU(approximate='none')
      )
      (pwconv2): Conv(
        (conv): Conv2d(256, 512, kernel_size=(1, 1), stride=(1, 1), bias=False)
        (bn): BatchNorm2d(512, eps=1e-05, momentum=0.1, affine=True, bias=True, track_running_stats=True)
        (act): GELU(approximate='none')
      )
      (m): ModuleList(
        (0): SpeechDWConv(
          (conv_f): Conv2d(32, 32, kernel_size=(3, 1), stride=(1, 1), padding=(1, 0), groups=32, bias=False)
          (conv_t): Conv2d(32, 32, kernel_size=(1, 3), stride=(1, 1), padding=(0, 1), groups=32, bias=False)
          (bn): BatchNorm2d(32, eps=1e-05, momentum=0.1, affine=True, bias=True, track_running_stats=True)
          (act): Identity()
        )
        (1): SpeechDWConv(
          (conv_f): Conv2d(32, 32, kernel_size=(3, 1), stride=(1, 1), padding=(1, 0), groups=32, bias=False)
          (conv_t): Conv2d(32, 32, kernel_size=(1, 3), stride=(1, 1), padding=(0, 2), dilation=(1, 2), groups=32, bias=False)
          (bn): BatchNorm2d(32, eps=1e-05, momentum=0.1, affine=True, bias=True, track_running_stats=True)
          (act): Identity()
        )
        (2): SpeechDWConv(
          (conv_f): Conv2d(32, 32, kernel_size=(3, 1), stride=(1, 1), padding=(1, 0), groups=32, bias=False)
          (conv_t): Conv2d(32, 32, kernel_size=(1, 3), stride=(1, 1), padding=(0, 4), dilation=(1, 4), groups=32, bias=False)
          (bn): BatchNorm2d(32, eps=1e-05, momentum=0.1, affine=True, bias=True, track_running_stats=True)
          (act): Identity()
        )
        (3): SpeechDWConv(
          (conv_f): Conv2d(32, 32, kernel_size=(3, 1), stride=(1, 1), padding=(1, 0), groups=32, bias=False)
          (conv_t): Conv2d(32, 32, kernel_size=(1, 3), stride=(1, 1), padding=(0, 8), dilation=(1, 8), groups=32, bias=False)
          (bn): BatchNorm2d(32, eps=1e-05, momentum=0.1, affine=True, bias=True, track_running_stats=True)
          (act): Identity()
        )
        (4): SpeechDWConv(
          (conv_f): Conv2d(32, 32, kernel_size=(3, 1), stride=(1, 1), padding=(1, 0), groups=32, bias=False)
          (conv_t): Conv2d(32, 32, kernel_size=(1, 3), stride=(1, 1), padding=(0, 16), dilation=(1, 16), groups=32, bias=False)
          (bn): BatchNorm2d(32, eps=1e-05, momentum=0.1, affine=True, bias=True, track_running_stats=True)
          (act): Identity()
        )
        (5): SpeechDWConv(
          (conv_f): Conv2d(32, 32, kernel_size=(3, 1), stride=(1, 1), padding=(1, 0), groups=32, bias=False)
          (conv_t): Conv2d(32, 32, kernel_size=(1, 3), stride=(1, 1), padding=(0, 32), dilation=(1, 32), groups=32, bias=False)
          (bn): BatchNorm2d(32, eps=1e-05, momentum=0.1, affine=True, bias=True, track_running_stats=True)
          (act): Identity()
        )
        (6): SpeechDWConv(
          (conv_f): Conv2d(32, 32, kernel_size=(3, 1), stride=(1, 1), padding=(1, 0), groups=32, bias=False)
          (conv_t): Conv2d(32, 32, kernel_size=(1, 3), stride=(1, 1), padding=(0, 64), dilation=(1, 64), groups=32, bias=False)
          (bn): BatchNorm2d(32, eps=1e-05, momentum=0.1, affine=True, bias=True, track_running_stats=True)
          (act): Identity()
        )
      )
    )
  )
  (decoder3): UNetDecoder(
    (cmrf): CMRF(
      (pwconv1): Conv(
        (conv): Conv2d(768, 32, kernel_size=(1, 1), stride=(1, 1), bias=False)
        (bn): BatchNorm2d(32, eps=1e-05, momentum=0.1, affine=True, bias=True, track_running_stats=True)
        (act): GELU(approximate='none')
      )
      (pwconv2): Conv(
        (conv): Conv2d(128, 256, kernel_size=(1, 1), stride=(1, 1), bias=False)
        (bn): BatchNorm2d(256, eps=1e-05, momentum=0.1, affine=True, bias=True, track_running_stats=True)
        (act): GELU(approximate='none')
      )
      (m): ModuleList(
        (0): SpeechDWConv(
          (conv_f): Conv2d(16, 16, kernel_size=(3, 1), stride=(1, 1), padding=(1, 0), groups=16, bias=False)
          (conv_t): Conv2d(16, 16, kernel_size=(1, 3), stride=(1, 1), padding=(0, 1), groups=16, bias=False)
          (bn): BatchNorm2d(16, eps=1e-05, momentum=0.1, affine=True, bias=True, track_running_stats=True)
          (act): Identity()
        )
        (1): SpeechDWConv(
          (conv_f): Conv2d(16, 16, kernel_size=(3, 1), stride=(1, 1), padding=(1, 0), groups=16, bias=False)
          (conv_t): Conv2d(16, 16, kernel_size=(1, 3), stride=(1, 1), padding=(0, 2), dilation=(1, 2), groups=16, bias=False)
          (bn): BatchNorm2d(16, eps=1e-05, momentum=0.1, affine=True, bias=True, track_running_stats=True)
          (act): Identity()
        )
        (2): SpeechDWConv(
          (conv_f): Conv2d(16, 16, kernel_size=(3, 1), stride=(1, 1), padding=(1, 0), groups=16, bias=False)
          (conv_t): Conv2d(16, 16, kernel_size=(1, 3), stride=(1, 1), padding=(0, 4), dilation=(1, 4), groups=16, bias=False)
          (bn): BatchNorm2d(16, eps=1e-05, momentum=0.1, affine=True, bias=True, track_running_stats=True)
          (act): Identity()
        )
        (3): SpeechDWConv(
          (conv_f): Conv2d(16, 16, kernel_size=(3, 1), stride=(1, 1), padding=(1, 0), groups=16, bias=False)
          (conv_t): Conv2d(16, 16, kernel_size=(1, 3), stride=(1, 1), padding=(0, 8), dilation=(1, 8), groups=16, bias=False)
          (bn): BatchNorm2d(16, eps=1e-05, momentum=0.1, affine=True, bias=True, track_running_stats=True)
          (act): Identity()
        )
        (4): SpeechDWConv(
          (conv_f): Conv2d(16, 16, kernel_size=(3, 1), stride=(1, 1), padding=(1, 0), groups=16, bias=False)
          (conv_t): Conv2d(16, 16, kernel_size=(1, 3), stride=(1, 1), padding=(0, 16), dilation=(1, 16), groups=16, bias=False)
          (bn): BatchNorm2d(16, eps=1e-05, momentum=0.1, affine=True, bias=True, track_running_stats=True)
          (act): Identity()
        )
        (5): SpeechDWConv(
          (conv_f): Conv2d(16, 16, kernel_size=(3, 1), stride=(1, 1), padding=(1, 0), groups=16, bias=False)
          (conv_t): Conv2d(16, 16, kernel_size=(1, 3), stride=(1, 1), padding=(0, 32), dilation=(1, 32), groups=16, bias=False)
          (bn): BatchNorm2d(16, eps=1e-05, momentum=0.1, affine=True, bias=True, track_running_stats=True)
          (act): Identity()
        )
        (6): SpeechDWConv(
          (conv_f): Conv2d(16, 16, kernel_size=(3, 1), stride=(1, 1), padding=(1, 0), groups=16, bias=False)
          (conv_t): Conv2d(16, 16, kernel_size=(1, 3), stride=(1, 1), padding=(0, 64), dilation=(1, 64), groups=16, bias=False)
          (bn): BatchNorm2d(16, eps=1e-05, momentum=0.1, affine=True, bias=True, track_running_stats=True)
          (act): Identity()
        )
      )
    )
  )
  (decoder2): UNetDecoder(
    (cmrf): CMRF(
      (pwconv1): Conv(
        (conv): Conv2d(384, 16, kernel_size=(1, 1), stride=(1, 1), bias=False)
        (bn): BatchNorm2d(16, eps=1e-05, momentum=0.1, affine=True, bias=True, track_running_stats=True)
        (act): GELU(approximate='none')
      )
      (pwconv2): Conv(
        (conv): Conv2d(64, 128, kernel_size=(1, 1), stride=(1, 1), bias=False)
        (bn): BatchNorm2d(128, eps=1e-05, momentum=0.1, affine=True, bias=True, track_running_stats=True)
        (act): GELU(approximate='none')
      )
      (m): ModuleList(
        (0): SpeechDWConv(
          (conv_f): Conv2d(8, 8, kernel_size=(3, 1), stride=(1, 1), padding=(1, 0), groups=8, bias=False)
          (conv_t): Conv2d(8, 8, kernel_size=(1, 3), stride=(1, 1), padding=(0, 1), groups=8, bias=False)
          (bn): BatchNorm2d(8, eps=1e-05, momentum=0.1, affine=True, bias=True, track_running_stats=True)
          (act): Identity()
        )
        (1): SpeechDWConv(
          (conv_f): Conv2d(8, 8, kernel_size=(3, 1), stride=(1, 1), padding=(1, 0), groups=8, bias=False)
          (conv_t): Conv2d(8, 8, kernel_size=(1, 3), stride=(1, 1), padding=(0, 2), dilation=(1, 2), groups=8, bias=False)
          (bn): BatchNorm2d(8, eps=1e-05, momentum=0.1, affine=True, bias=True, track_running_stats=True)
          (act): Identity()
        )
        (2): SpeechDWConv(
          (conv_f): Conv2d(8, 8, kernel_size=(3, 1), stride=(1, 1), padding=(1, 0), groups=8, bias=False)
          (conv_t): Conv2d(8, 8, kernel_size=(1, 3), stride=(1, 1), padding=(0, 4), dilation=(1, 4), groups=8, bias=False)
          (bn): BatchNorm2d(8, eps=1e-05, momentum=0.1, affine=True, bias=True, track_running_stats=True)
          (act): Identity()
        )
        (3): SpeechDWConv(
          (conv_f): Conv2d(8, 8, kernel_size=(3, 1), stride=(1, 1), padding=(1, 0), groups=8, bias=False)
          (conv_t): Conv2d(8, 8, kernel_size=(1, 3), stride=(1, 1), padding=(0, 8), dilation=(1, 8), groups=8, bias=False)
          (bn): BatchNorm2d(8, eps=1e-05, momentum=0.1, affine=True, bias=True, track_running_stats=True)
          (act): Identity()
        )
        (4): SpeechDWConv(
          (conv_f): Conv2d(8, 8, kernel_size=(3, 1), stride=(1, 1), padding=(1, 0), groups=8, bias=False)
          (conv_t): Conv2d(8, 8, kernel_size=(1, 3), stride=(1, 1), padding=(0, 16), dilation=(1, 16), groups=8, bias=False)
          (bn): BatchNorm2d(8, eps=1e-05, momentum=0.1, affine=True, bias=True, track_running_stats=True)
          (act): Identity()
        )
        (5): SpeechDWConv(
          (conv_f): Conv2d(8, 8, kernel_size=(3, 1), stride=(1, 1), padding=(1, 0), groups=8, bias=False)
          (conv_t): Conv2d(8, 8, kernel_size=(1, 3), stride=(1, 1), padding=(0, 32), dilation=(1, 32), groups=8, bias=False)
          (bn): BatchNorm2d(8, eps=1e-05, momentum=0.1, affine=True, bias=True, track_running_stats=True)
          (act): Identity()
        )
        (6): SpeechDWConv(
          (conv_f): Conv2d(8, 8, kernel_size=(3, 1), stride=(1, 1), padding=(1, 0), groups=8, bias=False)
          (conv_t): Conv2d(8, 8, kernel_size=(1, 3), stride=(1, 1), padding=(0, 64), dilation=(1, 64), groups=8, bias=False)
          (bn): BatchNorm2d(8, eps=1e-05, momentum=0.1, affine=True, bias=True, track_running_stats=True)
          (act): Identity()
        )
      )
    )
  )
  (decoder1): UNetDecoder(
    (cmrf): CMRF(
      (pwconv1): Conv(
        (conv): Conv2d(192, 8, kernel_size=(1, 1), stride=(1, 1), bias=False)
        (bn): BatchNorm2d(8, eps=1e-05, momentum=0.1, affine=True, bias=True, track_running_stats=True)
        (act): GELU(approximate='none')
      )
      (pwconv2): Conv(
        (conv): Conv2d(32, 64, kernel_size=(1, 1), stride=(1, 1), bias=False)
        (bn): BatchNorm2d(64, eps=1e-05, momentum=0.1, affine=True, bias=True, track_running_stats=True)
        (act): GELU(approximate='none')
      )
      (m): ModuleList(
        (0): SpeechDWConv(
          (conv_f): Conv2d(4, 4, kernel_size=(3, 1), stride=(1, 1), padding=(1, 0), groups=4, bias=False)
          (conv_t): Conv2d(4, 4, kernel_size=(1, 3), stride=(1, 1), padding=(0, 1), groups=4, bias=False)
          (bn): BatchNorm2d(4, eps=1e-05, momentum=0.1, affine=True, bias=True, track_running_stats=True)
          (act): Identity()
        )
        (1): SpeechDWConv(
          (conv_f): Conv2d(4, 4, kernel_size=(3, 1), stride=(1, 1), padding=(1, 0), groups=4, bias=False)
          (conv_t): Conv2d(4, 4, kernel_size=(1, 3), stride=(1, 1), padding=(0, 2), dilation=(1, 2), groups=4, bias=False)
          (bn): BatchNorm2d(4, eps=1e-05, momentum=0.1, affine=True, bias=True, track_running_stats=True)
          (act): Identity()
        )
        (2): SpeechDWConv(
          (conv_f): Conv2d(4, 4, kernel_size=(3, 1), stride=(1, 1), padding=(1, 0), groups=4, bias=False)
          (conv_t): Conv2d(4, 4, kernel_size=(1, 3), stride=(1, 1), padding=(0, 4), dilation=(1, 4), groups=4, bias=False)
          (bn): BatchNorm2d(4, eps=1e-05, momentum=0.1, affine=True, bias=True, track_running_stats=True)
          (act): Identity()
        )
        (3): SpeechDWConv(
          (conv_f): Conv2d(4, 4, kernel_size=(3, 1), stride=(1, 1), padding=(1, 0), groups=4, bias=False)
          (conv_t): Conv2d(4, 4, kernel_size=(1, 3), stride=(1, 1), padding=(0, 8), dilation=(1, 8), groups=4, bias=False)
          (bn): BatchNorm2d(4, eps=1e-05, momentum=0.1, affine=True, bias=True, track_running_stats=True)
          (act): Identity()
        )
        (4): SpeechDWConv(
          (conv_f): Conv2d(4, 4, kernel_size=(3, 1), stride=(1, 1), padding=(1, 0), groups=4, bias=False)
          (conv_t): Conv2d(4, 4, kernel_size=(1, 3), stride=(1, 1), padding=(0, 16), dilation=(1, 16), groups=4, bias=False)
          (bn): BatchNorm2d(4, eps=1e-05, momentum=0.1, affine=True, bias=True, track_running_stats=True)
          (act): Identity()
        )
        (5): SpeechDWConv(
          (conv_f): Conv2d(4, 4, kernel_size=(3, 1), stride=(1, 1), padding=(1, 0), groups=4, bias=False)
          (conv_t): Conv2d(4, 4, kernel_size=(1, 3), stride=(1, 1), padding=(0, 32), dilation=(1, 32), groups=4, bias=False)
          (bn): BatchNorm2d(4, eps=1e-05, momentum=0.1, affine=True, bias=True, track_running_stats=True)
          (act): Identity()
        )
        (6): SpeechDWConv(
          (conv_f): Conv2d(4, 4, kernel_size=(3, 1), stride=(1, 1), padding=(1, 0), groups=4, bias=False)
          (conv_t): Conv2d(4, 4, kernel_size=(1, 3), stride=(1, 1), padding=(0, 64), dilation=(1, 64), groups=4, bias=False)
          (bn): BatchNorm2d(4, eps=1e-05, momentum=0.1, affine=True, bias=True, track_running_stats=True)
          (act): Identity()
        )
      )
    )
  )
  (tact1): TACT(
    (proj): Identity()
    (conv_f): Conv2d(64, 64, kernel_size=(3, 3), stride=(1, 1), padding=(1, 1), groups=64, bias=False)
    (conv_t_freq): Conv2d(64, 64, kernel_size=(32, 1), stride=(1, 1), padding=same, groups=64, bias=False)
    (conv_t_time): Conv2d(64, 64, kernel_size=(1, 32), stride=(1, 1), padding=same, groups=64, bias=False)
    (act): GELU(approximate='none')
    (channel_mix): Conv2d(64, 64, kernel_size=(1, 1), stride=(1, 1), bias=False)
    (bn): BatchNorm2d(64, eps=1e-05, momentum=0.1, affine=True, bias=True, track_running_stats=True)
    (gate_activation): Sigmoid()
  )
  (prism): SpectralPrism(
    (refractors): ModuleList(
      (0): Sequential(
        (0): Conv2d(64, 16, kernel_size=(3, 3), stride=(1, 1), padding=(1, 4), dilation=(1, 4), bias=False)
        (1): InstanceNorm2d(16, eps=1e-05, momentum=0.1, affine=False, bias=False, track_running_stats=False)
        (2): ELU(alpha=1.0, inplace=True)
      )
      (1): Sequential(
        (0): Conv2d(64, 16, kernel_size=(3, 3), stride=(1, 1), padding=(1, 8), dilation=(1, 8), bias=False)
        (1): InstanceNorm2d(16, eps=1e-05, momentum=0.1, affine=False, bias=False, track_running_stats=False)
        (2): ELU(alpha=1.0, inplace=True)
      )
      (2): Sequential(
        (0): Conv2d(64, 16, kernel_size=(3, 3), stride=(1, 1), padding=(1, 16), dilation=(1, 16), bias=False)
        (1): InstanceNorm2d(16, eps=1e-05, momentum=0.1, affine=False, bias=False, track_running_stats=False)
        (2): ELU(alpha=1.0, inplace=True)
      )
      (3): Sequential(
        (0): Conv2d(64, 16, kernel_size=(3, 3), stride=(1, 1), padding=(1, 32), dilation=(1, 32), bias=False)
        (1): InstanceNorm2d(16, eps=1e-05, momentum=0.1, affine=False, bias=False, track_running_stats=False)
        (2): ELU(alpha=1.0, inplace=True)
      )
    )
  )
  (mask_conv): Conv2d(128, 2, kernel_size=(1, 1), stride=(1, 1))
  (istft): ConviSTFT()
)
2026-07-08 12:41:19 [/home/computergeek/TinyU-Net/libs/trainer_unet_tse_steplr_clip.py:182 - INFO ] Loading model to GPUs:(0,), #param: 0.62M, Complexity: 2.69 GMAC/s
2026-07-08 12:41:19 [/home/computergeek/TinyU-Net/libs/trainer_unet_tse_steplr_clip.py:188 - INFO ] Gradient clipping by 1.0, default L2
2026-07-08 12:41:20 [/home/computergeek/TinyU-Net/libs/trainer_unet_tse_steplr_clip.py:257 - INFO ] Set eval mode...
2026-07-08 12:41:44 [/home/computergeek/TinyU-Net/libs/trainer_unet_tse_steplr_clip.py:66 - INFO ] Processed 200 batches(loss = +13.82)...
2026-07-08 12:42:03 [/home/computergeek/TinyU-Net/libs/trainer_unet_tse_steplr_clip.py:66 - INFO ] Processed 400 batches(loss = +13.89)...
2026-07-08 12:42:18 [/home/computergeek/TinyU-Net/libs/trainer_unet_tse_steplr_clip.py:73 - INFO ] Loss on 559 batches: 14.21,12.96,14.29,14.40,15.39,15.79,12.36,14.52,13.55,14.21,14.38,14.65,14.54,16.18,14.97,13.07,12.63,14.06,12.66,14.14,14.12,13.43,12.60,13.79,13.38,16.86,13.45,12.82,11.92,14.22,14.07,14.05,11.67,13.94,10.39,12.79,11.17,14.95,12.72,13.44,12.15,11.68,14.42,13.22,12.74,13.95,13.22,15.05,11.91,14.05,12.81,14.01,12.66,12.75,15.21,14.48,14.14,13.88,14.11,13.28,14.74,14.13,13.77,14.77,12.84,12.47,13.35,16.37,13.58,14.03,13.42,14.82,15.21,12.39,12.30,13.43,14.25,13.12,15.47,13.76,13.99,13.76,12.53,14.17,14.51,15.64,13.77,13.92,15.42,13.61,14.81,16.77,13.69,14.25,15.45,14.16,12.03,12.61,14.19,14.07,14.53,13.78,12.77,11.78,13.84,12.47,15.54,11.85,13.37,14.75,13.70,13.93,14.84,14.73,13.54,14.33,13.78,12.97,14.18,16.90,13.09,13.62,13.54,14.81,13.93,14.15,12.54,12.21,12.49,14.65,12.52,13.96,13.08,13.26,13.91,14.39,12.65,13.56,13.12,12.52,12.79,13.79,14.67,13.67,12.02,13.25,13.25,13.11,12.79,15.19,14.43,14.70,14.00,14.59,14.98,13.48,12.77,13.83,12.32,16.85,14.94,13.38,15.57,14.26,14.33,15.26,14.88,14.11,13.08,13.18,13.73,12.51,15.34,13.60,14.84,13.93,15.07,13.88,13.37,13.53,14.19,15.07,16.74,14.98,14.42,13.26,14.23,13.89,13.43,13.78,14.41,13.45,12.89,13.35,13.79,14.09,12.80,13.37,14.21,11.93,14.58,13.48,13.37,13.57,13.12,13.26,11.18,12.12,14.43,13.55,11.54,12.31,13.70,15.28,13.54,14.34,13.65,12.32,12.49,14.23,13.35,12.76,16.01,13.41,13.05,13.90,14.75,14.69,15.22,14.28,15.73,15.58,16.58,16.40,14.72,15.29,16.21,16.23,14.82,14.55,15.95,13.07,12.39,14.57,12.80,15.19,12.71,14.07,14.94,12.10,13.82,13.12,14.60,14.45,11.78,13.19,13.80,12.85,13.72,12.62,13.27,13.00,11.29,11.26,12.06,14.29,15.43,11.56,13.55,12.05,12.68,17.45,13.60,13.48,12.51,17.34,16.01,14.76,13.91,13.56,14.14,14.80,13.76,13.83,13.75,16.67,13.42,14.87,13.05,14.44,16.30,14.65,16.95,15.41,12.50,13.37,13.61,14.68,14.01,13.66,13.07,12.85,13.71,12.58,12.75,16.80,16.16,14.38,15.28,13.38,13.09,15.04,12.93,13.48,13.51,11.82,13.64,12.30,14.00,13.31,13.78,14.59,13.76,12.13,13.98,14.23,14.44,14.62,14.05,13.90,15.61,13.40,14.08,13.38,14.24,17.19,14.33,13.19,13.89,14.12,13.84,13.72,14.10,14.26,14.03,13.08,12.75,14.61,13.32,12.75,12.81,14.62,13.60,14.50,13.57,15.94,17.25,14.57,14.24,15.09,14.67,15.04,14.91,14.50,14.08,12.31,13.79,13.01,13.66,15.38,13.16,12.98,14.78,14.11,15.05,14.68,13.12,13.05,13.33,11.18,12.45,13.43,11.98,14.81,12.96,13.33,15.26,13.07,12.03,11.91,13.10,13.10,13.79,11.23,14.37,13.21,13.19,13.09,12.86,15.70,12.07,12.69,13.71,12.38,13.44,15.45,12.87,14.36,12.13,12.17,13.05,14.27,13.85,12.93,12.55,13.78,13.43,13.45,12.69,12.10,12.12,12.12,12.03,12.06,14.57,11.69,13.29,11.54,13.64,13.36,14.82,14.87,13.20,13.56,13.83,14.53,14.14,11.53,13.11,11.62,13.71,13.98,11.15,13.29,12.94,15.35,12.57,12.19,13.99,16.09,14.42,14.65,13.49,12.55,14.08,14.41,12.92,16.12,14.49,14.83,14.27,13.93,15.18,14.52,14.73,13.18,14.42,14.99,14.35,13.16,13.83,14.31,13.29,13.50,14.30,13.68,13.81,13.95,15.30,15.62,12.49,14.47,12.39,13.85,12.36,12.59,13.19,14.11,15.19,13.64,13.23,12.27,12.26,14.44,15.52,11.98,13.37,13.90,11.77,14.39,13.95,13.28,13.21,14.55,12.73,13.00,12.83,13.36,14.59,12.49,14.61,12.90,14.97,14.67,14.92,13.44,12.54,13.87,14.21,14.65,15.90,13.73,14.13,15.84,16.49,16.14,14.08,15.33,16.05,15.35,14.17,14.87,12.63,14.15,14.59,13.70,13.26,14.50,14.33,13.84,11.90,14.49,13.56,12.71,12.06,14.10,13.83,12.93,12.15,14.70,15.32,14.70,13.80,13.32,13.75,12.31,13.87,12.95,13.68
2026-07-08 12:42:18 [/home/computergeek/TinyU-Net/libs/trainer_unet_tse_steplr_clip.py:277 - INFO ] START FROM EPOCH 0, LOSS = 13.8078
2026-07-08 12:42:18 [/home/computergeek/TinyU-Net/libs/trainer_unet_tse_steplr_clip.py:237 - INFO ] Set train mode...
2026-07-08 12:43:11 [/home/computergeek/TinyU-Net/libs/trainer_unet_tse_steplr_clip.py:66 - INFO ] Processed 200 batches(loss = -0.39)...
2026-07-08 12:43:59 [/home/computergeek/TinyU-Net/libs/trainer_unet_tse_steplr_clip.py:66 - INFO ] Processed 400 batches(loss = -1.21)...
2026-07-08 12:44:47 [/home/computergeek/TinyU-Net/libs/trainer_unet_tse_steplr_clip.py:66 - INFO ] Processed 600 batches(loss = -1.14)...
2026-07-08 12:45:35 [/home/computergeek/TinyU-Net/libs/trainer_unet_tse_steplr_clip.py:66 - INFO ] Processed 800 batches(loss = -1.68)...
2026-07-08 12:46:24 [/home/computergeek/TinyU-Net/libs/trainer_unet_tse_steplr_clip.py:66 - INFO ] Processed 1000 batches(loss = -1.32)...
2026-07-08 12:47:12 [/home/computergeek/TinyU-Net/libs/trainer_unet_tse_steplr_clip.py:66 - INFO ] Processed 1200 batches(loss = -2.28)...
2026-07-08 12:48:01 [/home/computergeek/TinyU-Net/libs/trainer_unet_tse_steplr_clip.py:66 - INFO ] Processed 1400 batches(loss = -1.99)...
2026-07-08 12:48:50 [/home/computergeek/TinyU-Net/libs/trainer_unet_tse_steplr_clip.py:66 - INFO ] Processed 1600 batches(loss = -2.22)...
2026-07-08 12:49:38 [/home/computergeek/TinyU-Net/libs/trainer_unet_tse_steplr_clip.py:66 - INFO ] Processed 1800 batches(loss = -2.04)...
2026-07-08 12:50:27 [/home/computergeek/TinyU-Net/libs/trainer_unet_tse_steplr_clip.py:66 - INFO ] Processed 2000 batches(loss = -2.26)...
2026-07-08 12:51:15 [/home/computergeek/TinyU-Net/libs/trainer_unet_tse_steplr_clip.py:66 - INFO ] Processed 2200 batches(loss = -2.67)...
2026-07-08 12:52:05 [/home/computergeek/TinyU-Net/libs/trainer_unet_tse_steplr_clip.py:66 - INFO ] Processed 2400 batches(loss = -2.86)...
2026-07-08 12:52:54 [/home/computergeek/TinyU-Net/libs/trainer_unet_tse_steplr_clip.py:66 - INFO ] Processed 2600 batches(loss = -2.88)...
2026-07-08 12:53:44 [/home/computergeek/TinyU-Net/libs/trainer_unet_tse_steplr_clip.py:66 - INFO ] Processed 2800 batches(loss = -2.83)...
2026-07-08 12:54:34 [/home/computergeek/TinyU-Net/libs/trainer_unet_tse_steplr_clip.py:66 - INFO ] Processed 3000 batches(loss = -2.87)...
2026-07-08 12:55:26 [/home/computergeek/TinyU-Net/libs/trainer_unet_tse_steplr_clip.py:66 - INFO ] Processed 3200 batches(loss = -3.16)...
2026-07-08 12:56:17 [/home/computergeek/TinyU-Net/libs/trainer_unet_tse_steplr_clip.py:66 - INFO ] Processed 3400 batches(loss = -3.03)...
2026-07-08 12:57:07 [/home/computergeek/TinyU-Net/libs/trainer_unet_tse_steplr_clip.py:66 - INFO ] Processed 3600 batches(loss = -3.25)...
2026-07-08 12:57:58 [/home/computergeek/TinyU-Net/libs/trainer_unet_tse_steplr_clip.py:66 - INFO ] Processed 3800 batches(loss = -2.96)...
2026-07-08 12:58:51 [/home/computergeek/TinyU-Net/libs/trainer_unet_tse_steplr_clip.py:66 - INFO ] Processed 4000 batches(loss = -3.16)...
2026-07-08 12:59:43 [/home/computergeek/TinyU-Net/libs/trainer_unet_tse_steplr_clip.py:66 - INFO ] Processed 4200 batches(loss = -3.36)...
2026-07-08 13:00:36 [/home/computergeek/TinyU-Net/libs/trainer_unet_tse_steplr_clip.py:66 - INFO ] Processed 4400 batches(loss = -3.93)...
2026-07-08 13:01:29 [/home/computergeek/TinyU-Net/libs/trainer_unet_tse_steplr_clip.py:66 - INFO ] Processed 4600 batches(loss = -3.72)...
2026-07-08 13:02:22 [/home/computergeek/TinyU-Net/libs/trainer_unet_tse_steplr_clip.py:66 - INFO ] Processed 4800 batches(loss = -3.80)...
2026-07-08 13:03:15 [/home/computergeek/TinyU-Net/libs/trainer_unet_tse_steplr_clip.py:66 - INFO ] Processed 5000 batches(loss = -3.78)...
2026-07-08 13:04:07 [/home/computergeek/TinyU-Net/libs/trainer_unet_tse_steplr_clip.py:66 - INFO ] Processed 5200 batches(loss = -3.73)...
2026-07-08 13:05:00 [/home/computergeek/TinyU-Net/libs/trainer_unet_tse_steplr_clip.py:66 - INFO ] Processed 5400 batches(loss = -4.13)...
